<?xml version="1.0" encoding="UTF-8"?>
<testng-results ignored="0" total="4" passed="4" failed="0" skipped="0">
  <reporter-output>
  </reporter-output>
  <suite started-at="2022-02-18T11:24:32Z" name="TestcasesDemo" finished-at="2022-02-18T11:24:47Z" duration-ms="15008">
    <groups>
    </groups>
    <test started-at="2022-02-18T11:24:32Z" name="WikiPage" finished-at="2022-02-18T11:24:42Z" duration-ms="9209">
      <class name="com.qa.testNGscripts.TestCase1">
        <test-method signature="testcase2()[pri:0, instance:com.qa.testNGscripts.TestCase1@14a50707]" started-at="2022-02-18T11:24:32Z" name="testcase2" finished-at="2022-02-18T11:24:39Z" duration-ms="6275" status="PASS">
          <reporter-output>
          </reporter-output>
        </test-method> <!-- testcase2 -->
        <test-method signature="wikipagetest()[pri:0, instance:com.qa.testNGscripts.TestCase1@14a50707]" started-at="2022-02-18T11:24:39Z" name="wikipagetest" finished-at="2022-02-18T11:24:42Z" duration-ms="2901" status="PASS">
          <reporter-output>
          </reporter-output>
        </test-method> <!-- wikipagetest -->
      </class> <!-- com.qa.testNGscripts.TestCase1 -->
    </test> <!-- WikiPage -->
    <test started-at="2022-02-18T11:24:42Z" name="Amazon" finished-at="2022-02-18T11:24:47Z" duration-ms="5733">
      <class name="com.qa.testNGscripts.TestCase2">
        <test-method is-config="true" signature="OpenBrowser()[pri:0, instance:com.qa.testNGscripts.TestCase2@389c4eb1]" started-at="2022-02-18T11:24:42Z" name="OpenBrowser" finished-at="2022-02-18T11:24:43Z" duration-ms="1545" status="PASS">
          <reporter-output>
          </reporter-output>
        </test-method> <!-- OpenBrowser -->
        <test-method signature="amazonTest()[pri:49, instance:com.qa.testNGscripts.TestCase2@389c4eb1]" started-at="2022-02-18T11:24:43Z" name="amazonTest" finished-at="2022-02-18T11:24:46Z" duration-ms="2482" status="PASS">
          <reporter-output>
          </reporter-output>
        </test-method> <!-- amazonTest -->
        <test-method signature="AlterTest()[pri:50, instance:com.qa.testNGscripts.TestCase2@389c4eb1]" started-at="2022-02-18T11:24:46Z" name="AlterTest" finished-at="2022-02-18T11:24:47Z" duration-ms="1501" status="PASS">
          <reporter-output>
          </reporter-output>
        </test-method> <!-- AlterTest -->
        <test-method is-config="true" signature="closesession()[pri:0, instance:com.qa.testNGscripts.TestCase2@389c4eb1]" started-at="2022-02-18T11:24:47Z" name="closesession" finished-at="2022-02-18T11:24:47Z" duration-ms="193" status="PASS">
          <reporter-output>
          </reporter-output>
        </test-method> <!-- closesession -->
      </class> <!-- com.qa.testNGscripts.TestCase2 -->
    </test> <!-- Amazon -->
  </suite> <!-- TestcasesDemo -->
</testng-results>
